2016-04-19 19:00:54 INFO  Client:83 - Starting listener thread...
2016-04-19 19:01:00 INFO  Client:141 - Tokens: [/inf2016-04-19 19:01:00 INFO  Session:61 - Closing sockets
2016-04-19 19:01:00 ERROR Session:54 - Failed to process user session: {}
java.net.SocketException: socket closed
	at java.net.SocketInputStream.socketRead0(Native Method)
	at java.net.SocketInputStream.socketRead(SocketInputStream.java:116)
	at java.n2016-04-19 19:02:18 INFO  Client:141 - Tokens: []
2016-04-19 19:02:18 ERROR Client:208 - Invalid input: 
m.java:141)
	at java.net.SocketInputStream.read(SocketInputStream.java:127)
	at arhangel.dim.core.net.Session.run(Session.java:48)
	at arhangel.dim.server.Server.listen(Server.java:60)
	at arhangel.dim.server.Server.main(Server.java:86)
	at sun.reflect.NativeMethodAccessorImpl.invoke0(Native Method)
	at sun.reflect.NativeMethodAccessorImpl.invoke(NativeMethodAccessorImpl.java:62)
	at sun.reflect.DelegatingMethodAccessorImpl.invoke(DelegatingMethodAccessorImpl.java:43)
	at java.lang.reflect.Method.invoke(Method.java:498)
	at com.intellij.rt.execution.application.AppMain.main(AppMain.java:144)
2016-04-19 19:01:00 INFO  Session:61 - Closing sockets
2016-04-19 19:01:00 INFO  Client:61 - Session closed
2016-04-19 19:01:00 INFO  Client:54 - Waiting for a client...
